
ds: 16.600584
ds: 16.602987
ds: 16.605391
ds: 16.607794
adv: [ 128]   64 =>  256, 3 in: 0.16915393
ds: 16.762197
ds: 16.763403
ds: 16.764610
ds: 16.765816
ds: 16.767021
ds: 16.768229
ds: 16.769434
ds: 16.770641
ds: 16.771847
ds: 16.773054
ds: 16.774260
ds: 16.775467
ds: 16.776672
ds: 16.777878
ds: 16.779085
ds: 16.780291
ds: 16.781498
ds: 16.782703
ds: 16.783911
ds: 16.785116
ds: 16.786322
ds: 16.787529
ds: 16.788734
ds: 16.789942
ds: 16.791147
ds: 16.792355
ds: 16.793560
ds: 16.794765
ds: 16.795973
ds: 16.797178
ds: 16.798386
ds: 16.799591
ds: 16.800798
ds: 16.802004
ds: 16.803211
ds: 16.804417
ds: 16.805622
ds: 16.806829
ds: 16.808035
ds: 16.809242
ds: 16.810448
ds: 16.811655
ds: 16.812860
ds: 16.814066
ds: 16.815273
ds: 16.816479
ds: 16.817686
ds: 16.818892
ds: 16.820099
ds: 16.821304
ds: 16.822510
ds: 16.823717
ds: 16.824923
ds: 16.826130
ds: 16.827335
ds: 16.828543
ds: 16.829748
ds: 16.830956
ds: 16.832161
ds: 16.833366
ds: 16.834574
ds: 16.835779
ds: 16.836987
ds: 16.838192
adv: [ 192]   64 =>  256, 3 in: 0.16915393
ds: 16.896320
ds: 16.896624
ds: 16.896927
ds: 16.897228
ds: 16.897532
ds: 16.897835
ds: 16.898136
ds: 16.898439
ds: 16.898743
ds: 16.899046
ds: 16.899347
ds: 16.899651
ds: 16.899954
ds: 16.900257
ds: 16.900558
ds: 16.900862
ds: 16.901165
ds: 16.901466
ds: 16.901770
ds: 16.902073
ds: 16.902376
ds: 16.902678
ds: 16.902981
ds: 16.903284
ds: 16.903587
ds: 16.903889
ds: 16.904192
ds: 16.904495
ds: 16.904797
ds: 16.905100
ds: 16.905403
ds: 16.905706
ds: 16.906008
ds: 16.906311
ds: 16.906614
ds: 16.906918
ds: 16.907219
ds: 16.907522
ds: 16.907825
ds: 16.908127
ds: 16.908430
ds: 16.908733
ds: 16.909037
ds: 16.909338
ds: 16.909641
ds: 16.909945
ds: 16.910248
ds: 16.910549
adv: [   0]   64 =>  256, 3 in: 0.5923647
ds: 58.422600
ds: 58.425793
ds: 58.428982
ds: 58.432175
ds: 58.435368
ds: 58.438557
ds: 58.441750
ds: 58.444942
ds: 58.448132
ds: 58.451324
ds: 58.454517
ds: 58.457706
ds: 58.460899
ds: 58.464092
ds: 58.467281
ds: 58.470474
ds: 58.473667
ds: 58.476856
ds: 58.480049
ds: 58.483242
ds: 58.486431
ds: 58.489624
ds: 58.492817
ds: 58.496010
ds: 58.499199
ds: 58.502392
ds: 58.505585
ds: 58.508774
ds: 58.511967
ds: 58.515160
ds: 58.518349
ds: 58.521542
ds: 58.524734
ds: 58.527924
ds: 58.531116
ds: 58.534309
ds: 58.537498
ds: 58.540691
ds: 58.543884
ds: 58.547073
ds: 58.550266
ds: 58.553459
ds: 58.556648
ds: 58.559841
ds: 58.563034
ds: 58.566223
ds: 58.569416
ds: 58.572609
ds: 58.575798
ds: 58.578991
ds: 58.582184
ds: 58.585373
ds: 58.588566
ds: 58.591759
ds: 58.594948
ds: 58.598141
ds: 58.601334
ds: 58.604523
ds: 58.607716
ds: 58.610909
ds: 58.614098
ds: 58.617290
ds: 58.620483
ds: 58.623672
ds: 58.422600
ds: 58.425793
ds: 58.428982
ds: 58.432175
ds: 58.435368
ds: 58.438557
ds: 58.441750
ds: 58.444942
ds: 58.448132
ds: 58.451324
ds: 58.454517
ds: 58.457706
ds: 58.460899
ds: 58.464092
ds: 58.467281
ds: 58.470474
ds: 58.473667
ds: 58.476856
ds: 58.480049
ds: 58.483242
ds: 58.486431
ds: 58.489624
ds: 58.492817
ds: 58.496010
ds: 58.499199
ds: 58.502392
ds: 58.505585
ds: 58.508774
ds: 58.511967
ds: 58.515160
ds: 58.518349
ds: 58.521542
ds: 58.524734
ds: 58.527924
ds: 58.531116
ds: 58.534309
ds: 58.537498
ds: 58.540691
ds: 58.543884
ds: 58.547073
ds: 58.550266
ds: 58.553459
ds: 58.556648
ds: 58.559841
ds: 58.563034
ds: 58.566223
ds: 58.569416
ds: 58.572609
ds: 58.575798
ds: 58.578991
ds: 58.582184
ds: 58.585373
ds: 58.588566
ds: 58.591759
ds: 58.594948
ds: 58.598141
ds: 58.601334
ds: 58.604523
ds: 58.607716
ds: 58.610909
ds: 58.614098
ds: 58.617290
ds: 58.620483
ds: 58.623672
adv: [  64]   64 =>  256, 3 in: 0.5923647
ds: 58.777473
ds: 58.779877
ds: 58.782280
ds: 58.784683
ds: 58.787086
ds: 58.789490
ds: 58.791893
ds: 58.794296
ds: 58.796700
ds: 58.799103
ds: 58.801506
ds: 58.803909
ds: 58.806313
ds: 58.808716
ds: 58.811119
ds: 58.813522
ds: 58.815922
ds: 58.818325
ds: 58.820728
ds: 58.823132
ds: 58.825535
ds: 58.827938
ds: 58.830341
ds: 58.832745
ds: 58.835148
ds: 58.837551
ds: 58.839954
ds: 58.842358
ds: 58.844761
ds: 58.847164
ds: 58.849567
ds: 58.851971
ds: 58.854374
ds: 58.856777
ds: 58.859180
ds: 58.861584
ds: 58.863987
ds: 58.866390
ds: 58.868793
ds: 58.871197
ds: 58.873600
ds: 58.876003
ds: 58.878407
ds: 58.880810
ds: 58.883213
ds: 58.885616
ds: 58.888020
ds: 58.890423
ds: 58.892822
ds: 58.895226
ds: 58.897629
ds: 58.900032
ds: 58.902435
ds: 58.904839
ds: 58.907242
ds: 58.909645
ds: 58.912048
ds: 58.914452
ds: 58.916855
ds: 58.919258
ds: 58.921661
ds: 58.924065
ds: 58.926468
ds: 58.928871
ds: 58.777473
ds: 58.779877
ds: 58.782280
ds: 58.784683
ds: 58.787086
ds: 58.789490
ds: 58.791893
ds: 58.794296
ds: 58.796700
ds: 58.799103
ds: 58.801506
ds: 58.803909
ds: 58.806313
ds: 58.808716
ds: 58.811119
ds: 58.813522
ds: 58.815922
ds: 58.818325
ds: 58.820728
ds: 58.823132
ds: 58.825535
ds: 58.827938
ds: 58.830341
ds: 58.832745
ds: 58.835148
ds: 58.837551
ds: 58.839954
ds: 58.842358
ds: 58.844761
ds: 58.847164
ds: 58.849567
ds: 58.851971
ds: 58.854374
ds: 58.856777
ds: 58.859180
ds: 58.861584
ds: 58.863987
ds: 58.866390
ds: 58.868793
ds: 58.871197
ds: 58.873600
ds: 58.876003
ds: 58.878407
ds: 58.880810
ds: 58.883213
ds: 58.885616
ds: 58.888020
ds: 58.890423
ds: 58.892822
ds: 58.895226
ds: 58.897629
ds: 58.900032
ds: 58.902435
ds: 58.904839
ds: 58.907242
ds: 58.909645
ds: 58.912048
ds: 58.914452
ds: 58.916855
ds: 58.919258
ds: 58.921661
ds: 58.924065
ds: 58.926468
ds: 58.928871
adv: [ 128]   64 =>  256, 3 in: 0.5923647
ds: 59.083275
ds: 59.084480
ds: 59.085690
ds: 59.086895
ds: 59.088100
ds: 59.089306
ds: 59.090511
ds: 59.091721
ds: 59.092926
ds: 59.094131
ds: 59.095337
ds: 59.096546
ds: 59.097752
ds: 59.098957
ds: 59.100163
ds: 59.101368
ds: 59.102577
ds: 59.103783
ds: 59.104988
ds: 59.106194
ds: 59.107403
ds: 59.108608
ds: 59.109814
ds: 59.111019
ds: 59.112225
ds: 59.113434
ds: 59.114639
ds: 59.115845
ds: 59.117050
ds: 59.118256
ds: 59.119465
ds: 59.120670
ds: 59.121876
ds: 59.123081
ds: 59.124290
ds: 59.125496
ds: 59.126701
ds: 59.127907
ds: 59.129112
ds: 59.130322
ds: 59.131527
ds: 59.132732
ds: 59.133938
ds: 59.135147
ds: 59.136353
ds: 59.137558
ds: 59.138763
ds: 59.139969
ds: 59.141178
ds: 59.142384
ds: 59.143589
ds: 59.144794
ds: 59.146004
ds: 59.147209
ds: 59.148415
ds: 59.149620
ds: 59.150826
ds: 59.152035
ds: 59.153240
ds: 59.154446
ds: 59.155651
ds: 59.156860
ds: 59.158066
ds: 59.159271
ds: 59.083275
ds: 59.084480
ds: 59.085690
ds: 59.086895
ds: 59.088100
ds: 59.089306
ds: 59.090511
ds: 59.091721
ds: 59.092926
ds: 59.094131
ds: 59.095337
ds: 59.096546
ds: 59.097752
ds: 59.098957
ds: 59.100163
ds: 59.101368
ds: 59.102577
ds: 59.103783
ds: 59.104988
ds: 59.106194
ds: 59.107403
ds: 59.108608
ds: 59.109814
ds: 59.111019
ds: 59.112225
ds: 59.113434
ds: 59.114639
ds: 59.115845
ds: 59.117050
ds: 59.118256
ds: 59.119465
ds: 59.120670
ds: 59.121876
ds: 59.123081
ds: 59.124290
ds: 59.125496
ds: 59.126701
ds: 59.127907
ds: 59.129112
ds: 59.130322
ds: 59.131527
ds: 59.132732
ds: 59.133938
ds: 59.135147
ds: 59.136353
ds: 59.137558
ds: 59.138763
ds: 59.139969
ds: 59.141178
ds: 59.142384
ds: 59.143589
ds: 59.144794
ds: 59.146004
ds: 59.147209
ds: 59.148415
ds: 59.149620
ds: 59.150826
ds: 59.152035
ds: 59.153240
ds: 59.154446
ds: 59.155651
ds: 59.156860
ds: 59.158066
ds: 59.159271
adv: [ 192]   64 =>  256, 3 in: 0.5923647
ds: 59.217400
ds: 59.217701
ds: 59.218006
ds: 59.218307
ds: 59.218609
ds: 59.218914
ds: 59.219215
ds: 59.219521
ds: 59.219822
ds: 59.220123
ds: 59.220428
ds: 59.220730
ds: 59.221031
ds: 59.221336
ds: 59.221638
ds: 59.221939
ds: 59.222244
ds: 59.222546
ds: 59.222851
ds: 59.223152
ds: 59.223454
ds: 59.223759
ds: 59.224060
ds: 59.224361
ds: 59.224667
ds: 59.224968
ds: 59.225273
ds: 59.225574
ds: 59.225876
ds: 59.226181
ds: 59.226482
ds: 59.226784
ds: 59.227089
ds: 59.227390
ds: 59.227692
ds: 59.227997
ds: 59.228298
ds: 59.228603
ds: 59.228905
ds: 59.229206
ds: 59.229511
ds: 59.229813
ds: 59.230114
ds: 59.230419
ds: 59.230721
ds: 59.231022
ds: 59.231327
ds: 59.231628
ds: 59.231934
ds: 59.232235
ds: 59.232536
ds: 59.232841
ds: 59.233143
ds: 59.233444
ds: 59.233749
ds: 59.234051
ds: 59.234352
ds: 59.234657
ds: 59.234959
ds: 59.235264
ds: 59.235565
ds: 59.235867
ds: 59.236172
ds: 59.236473
ds: 59.217400
ds: 59.217701
ds: 59.218006
ds: 59.218307
ds: 59.218609
ds: 59.218914
ds: 59.219215
ds: 59.219521
ds: 59.219822
ds: 59.220123
ds: 59.220428
ds: 59.220730
ds: 59.221031
ds: 59.221336
ds: 59.221638
ds: 59.221939
ds: 59.222244
ds: 59.222546
ds: 59.222851
ds: 59.223152
ds: 59.223454
ds: 59.223759
ds: 59.224060
ds: 59.224361
ds: 59.224667
ds: 59.224968
ds: 59.225273
ds: 59.225574
ds: 59.225876
ds: 59.226181
ds: 59.226482
ds: 59.226784
ds: 59.227089
ds: 59.227390
ds: 59.227692
ds: 59.227997
ds: 59.228298
ds: 59.228603
ds: 59.228905
ds: 59.229206
ds: 59.229511
ds: 59.229813
ds: 59.230114
ds: 59.230419
ds: 59.230721
ds: 59.231022
ds: 59.231327
ds: 59.231628
ds: 59.231934
ds: 59.232235
ds: 59.232536
ds: 59.232841
ds: 59.233143
ds: 59.233444
ds: 59.233749
ds: 59.234051
ds: 59.234352
ds: 59.234657
ds: 59.234959
